<?xml version="1.0" encoding="UTF-8"?>
<testng-results skipped="0" failed="0" ignored="0" total="1" passed="1">
  <reporter-output>
  </reporter-output>
  <suite name="Default suite" duration-ms="6736" started-at="2021-10-22T23:59:25 IST" finished-at="2021-10-22T23:59:31 IST">
    <groups>
    </groups>
    <test name="Default test" duration-ms="6736" started-at="2021-10-22T23:59:25 IST" finished-at="2021-10-22T23:59:31 IST">
      <class name="automation.Test1">
        <test-method status="PASS" signature="myMethod1()[pri:0, instance:automation.Test1@37d31475]" name="myMethod1" duration-ms="6608" started-at="2021-10-22T23:59:25 IST" finished-at="2021-10-22T23:59:31 IST">
          <reporter-output>
          </reporter-output>
        </test-method> <!-- myMethod1 -->
      </class> <!-- automation.Test1 -->
    </test> <!-- Default test -->
  </suite> <!-- Default suite -->
</testng-results>
